TN:
SF:/Users/adboul/Documents/repos/TRA-GAMES/ray-volution-core/dist/test.js
FN:24,(anonymous_1)
FNF:1
FNH:1
FNDA:15,(anonymous_1)
DA:2,1
DA:5,1
DA:6,1
DA:7,1
DA:8,1
DA:9,1
DA:10,1
DA:11,1
DA:21,1
DA:22,1
DA:23,1
DA:25,15
DA:26,14
DA:30,1
LF:14
LH:14
BRDA:14,1,0,0
BRDA:14,1,1,1
BRDA:25,2,0,14
BRDA:25,2,1,1
BRDA:25,3,0,15
BRDA:25,3,1,14
BRF:6
BRH:5
end_of_record
TN:
SF:/Users/adboul/Documents/repos/TRA-GAMES/ray-volution-core/dist/resources/calculations.spec.js
FN:5,(anonymous_1)
FN:6,(anonymous_2)
FNF:2
FNH:2
FNDA:1,(anonymous_1)
FNDA:1,(anonymous_2)
DA:2,1
DA:3,1
DA:4,1
DA:5,1
DA:6,1
DA:7,1
LF:6
LH:6
BRF:0
BRH:0
end_of_record
TN:
SF:/Users/adboul/Documents/repos/TRA-GAMES/ray-volution-core/dist/resources/calculations.js
FN:4,calculateResource
FNF:1
FNH:1
FNDA:1,calculateResource
DA:2,1
DA:3,1
DA:4,1
DA:5,1
DA:6,1
DA:8,1
LF:6
LH:6
BRDA:5,1,0,1
BRDA:5,1,1,0
BRF:2
BRH:1
end_of_record
